mode: set
github.com/emilybache/gildedrose-refactoring-kata/gildedrose/gildedrose.go:12.43,14.2 1 1
github.com/emilybache/gildedrose-refactoring-kata/gildedrose/gildedrose.go:16.44,18.19 2 1
github.com/emilybache/gildedrose-refactoring-kata/gildedrose/gildedrose.go:18.19,20.3 1 1
github.com/emilybache/gildedrose-refactoring-kata/gildedrose/gildedrose.go:23.44,24.20 1 1
github.com/emilybache/gildedrose-refactoring-kata/gildedrose/gildedrose.go:24.20,27.3 2 1
github.com/emilybache/gildedrose-refactoring-kata/gildedrose/gildedrose.go:28.2,28.16 1 1
github.com/emilybache/gildedrose-refactoring-kata/gildedrose/gildedrose.go:31.40,33.2 1 1
github.com/emilybache/gildedrose-refactoring-kata/gildedrose/gildedrose.go:43.33,46.29 2 1
github.com/emilybache/gildedrose-refactoring-kata/gildedrose/gildedrose.go:46.29,48.3 1 1
github.com/emilybache/gildedrose-refactoring-kata/gildedrose/gildedrose.go:48.8,50.3 1 1
github.com/emilybache/gildedrose-refactoring-kata/gildedrose/gildedrose.go:54.35,68.36 4 1
github.com/emilybache/gildedrose-refactoring-kata/gildedrose/gildedrose.go:68.36,70.3 1 1
github.com/emilybache/gildedrose-refactoring-kata/gildedrose/gildedrose.go:72.2,72.35 1 1
github.com/emilybache/gildedrose-refactoring-kata/gildedrose/gildedrose.go:72.35,74.3 1 1
github.com/emilybache/gildedrose-refactoring-kata/gildedrose/gildedrose.go:76.2,77.29 2 1
github.com/emilybache/gildedrose-refactoring-kata/gildedrose/gildedrose.go:77.29,79.3 1 1
github.com/emilybache/gildedrose-refactoring-kata/gildedrose/gildedrose.go:83.35,85.29 1 1
github.com/emilybache/gildedrose-refactoring-kata/gildedrose/gildedrose.go:85.29,87.20 1 1
github.com/emilybache/gildedrose-refactoring-kata/gildedrose/gildedrose.go:88.20,93.40 4 1
github.com/emilybache/gildedrose-refactoring-kata/gildedrose/gildedrose.go:95.37,95.37 0 1
github.com/emilybache/gildedrose-refactoring-kata/gildedrose/gildedrose.go:97.52,102.42 4 1
github.com/emilybache/gildedrose-refactoring-kata/gildedrose/gildedrose.go:104.11,107.31 2 1
github.com/emilybache/gildedrose-refactoring-kata/gildedrose/gildedrose.go:107.31,109.5 1 1
github.com/emilybache/gildedrose-refactoring-kata/gildedrose/gildedrose.go:109.10,111.5 1 1
